<?xml version="1.0" encoding="UTF-8"?>
<!-- Generated by org.testng.reporters.JUnitReportReporter -->
<testsuite hostname="lenovo" failures="0" tests="1" name="testpkg.Slogintest" time="17.851" errors="0" timestamp="2024-03-24T16:58:53 IST" skipped="0">
  <testcase classname="testpkg.Slogintest" name="verifyLogin" time="17.851"/>
</testsuite> <!-- testpkg.Slogintest -->
